# Logfile created on 2014-08-25 23:08:29 -0400 by logger.rb/1.2.8
[0;97;49mStarted GET "/" at 2014-08-25 23:14:04 -0400[0m
Detecting locale EN
Found page "Home page" [index]
[0;31;49m[ERROR] Unknown tag 'endblock' - ./app/views/pages/index.liquid:22:in `Home page'
[0m
[0;97;49mStarted GET "/" at 2014-08-25 23:14:09 -0400[0m
Detecting locale EN
Found page "Home page" [index]
[0;31;49m[ERROR] Unknown tag 'endblock' - ./app/views/pages/index.liquid:22:in `Home page'
[0m
[0;97;49mStarted GET "/" at 2014-08-25 23:14:35 -0400[0m
Detecting locale EN
Found page "Home page" [index]
[0;31;49m[ERROR] Unknown tag 'endblock' - ./app/views/pages/index.liquid:22:in `Home page'
[0m
* Reloaded "pages", "snippets" at 2014-08-25 23:14:35 -0400
[0;97;49mStarted GET "/" at 2014-08-25 23:14:50 -0400[0m
Detecting locale EN
Found page "Home page" [index]
  Rendered snippet footer
  Rendered liquid page template
[0;32;49mCompleted 200 OK in 6.3ms

[0m
* Reloaded "pages", "snippets" at 2014-08-25 23:14:50 -0400
[0;97;49mStarted GET "/" at 2014-08-25 23:16:03 -0400[0m
Detecting locale EN
Found page "Home page" [index]
  Rendered snippet footer
  Rendered liquid page template
[0;32;49mCompleted 200 OK in 3.3ms

[0m
* Reloaded "pages", "snippets" at 2014-08-25 23:16:03 -0400
[0;97;49mStarted GET "/" at 2014-08-25 23:16:06 -0400[0m
Detecting locale EN
Found page "Home page" [index]
  Rendered snippet footer
  Rendered liquid page template
[0;32;49mCompleted 200 OK in 3.3ms

[0m
* Reloaded "pages", "snippets" at 2014-08-25 23:16:06 -0400
[0;97;49mStarted GET "/" at 2014-08-25 23:16:10 -0400[0m
Detecting locale EN
Found page "Home page" [index]
  Rendered snippet footer
  Rendered liquid page template
[0;32;49mCompleted 200 OK in 3.4ms

[0m
* Reloaded "pages", "snippets" at 2014-08-25 23:16:10 -0400
[0;97;49mStarted GET "/" at 2014-08-25 23:16:14 -0400[0m
Detecting locale EN
Found page "Home page" [index]
  Rendered snippet footer
  Rendered liquid page template
[0;32;49mCompleted 200 OK in 3.2ms

[0m
* Reloaded "pages", "snippets" at 2014-08-25 23:16:14 -0400
[0;97;49mStarted GET "/" at 2014-08-25 23:17:47 -0400[0m
Detecting locale EN
Found page "Home page" [index]
  Rendered snippet footer
  Rendered liquid page template
[0;32;49mCompleted 200 OK in 4.1ms

[0m
[0;97;49mStarted GET "/" at 2014-08-25 23:22:10 -0400[0m
Detecting locale EN
Found page "Home page" [index]
  Rendered snippet footer
  Rendered liquid page template
[0;32;49mCompleted 200 OK in 8.6ms

[0m
[0;97;49mStarted GET "/" at 2014-08-25 23:22:34 -0400[0m
Detecting locale EN
Found page "Home page" [index]
  Rendered snippet footer
  Rendered liquid page template
[0;32;49mCompleted 200 OK in 4.0ms

[0m
[0;97;49mStarted GET "/" at 2014-08-25 23:24:55 -0400[0m
Detecting locale EN
Found page "Home page" [index]
  Rendered snippet footer
  Rendered liquid page template
[0;32;49mCompleted 200 OK in 5.6ms

[0m
* Reloaded "pages", "snippets" at 2014-08-25 23:25:09 -0400
[0;97;49mStarted GET "/" at 2014-08-25 23:25:09 -0400[0m
Detecting locale EN
Found page "Home page" [index]
  Rendered snippet footer
  Rendered liquid page template
[0;32;49mCompleted 200 OK in 3.4ms

[0m
[0;97;49mStarted GET "/" at 2014-08-25 23:27:12 -0400[0m
Detecting locale EN
Found page "Home page" [index]
  Rendered snippet footer
  Rendered liquid page template
[0;32;49mCompleted 200 OK in 5.6ms

[0m
[0;97;49mStarted GET "/" at 2014-08-25 23:30:28 -0400[0m
Detecting locale EN
Found page "Home page" [index]
  Rendered snippet footer
  Rendered liquid page template
[0;32;49mCompleted 200 OK in 12.5ms

[0m
[0;97;49mStarted GET "/" at 2014-08-25 23:32:50 -0400[0m
Detecting locale EN
Found page "Home page" [index]
  Rendered snippet footer
  Rendered liquid page template
[0;32;49mCompleted 200 OK in 5.3ms

[0m
[0;97;49mStarted GET "/" at 2014-08-25 23:35:38 -0400[0m
Detecting locale EN
Found page "Home page" [index]
  Rendered snippet footer
  Rendered liquid page template
[0;32;49mCompleted 200 OK in 5.2ms

[0m
[0;97;49mStarted GET "/" at 2014-08-25 23:37:05 -0400[0m
Detecting locale EN
Found page "Home page" [index]
  Rendered snippet footer
  Rendered liquid page template
[0;32;49mCompleted 200 OK in 5.2ms

[0m
[0;97;49mStarted GET "/" at 2014-08-25 23:37:24 -0400[0m
Detecting locale EN
Found page "Home page" [index]
  Rendered snippet footer
  Rendered liquid page template
[0;32;49mCompleted 200 OK in 3.8ms

[0m
[0;97;49mStarted GET "/" at 2014-08-25 23:48:32 -0400[0m
Detecting locale EN
Found page "Home page" [index]
  Rendered snippet footer
  Rendered liquid page template
[0;32;49mCompleted 200 OK in 3.8ms

[0m
[0;97;49mStarted GET "/" at 2014-08-25 23:50:39 -0400[0m
Detecting locale EN
Found page "Home page" [index]
  Rendered snippet footer
  Rendered liquid page template
[0;32;49mCompleted 200 OK in 4.3ms

[0m
[0;97;49mStarted GET "/" at 2014-08-25 23:52:03 -0400[0m
Detecting locale EN
Found page "Home page" [index]
  Rendered snippet footer
  Rendered liquid page template
[0;32;49mCompleted 200 OK in 3.7ms

[0m
